<?xml version="1.0" encoding="UTF-8"?>
<!-- Generated by org.testng.reporters.JUnitReportReporter -->
<testsuite hostname="MIRKOP-LT" failures="0" tests="4" name="tests.AdminCitiesTests" time="12.534" errors="0" timestamp="2022-10-11T20:23:57 CEST" skipped="0">
  <testcase classname="tests.AdminCitiesTests" name="visitTheAdminCitiesPageAndListCities" time="4.269"/>
  <system-out/>
  <testcase classname="tests.AdminCitiesTests" name="checkInputTypesForCreateOrEditNewCity" time="1.966"/>
  <system-out/>
  <testcase classname="tests.AdminCitiesTests" name="createNewCity" time="3.166"/>
  <system-out/>
  <testcase classname="tests.AdminCitiesTests" name="editCity" time="3.133"/>
  <system-out/>
</testsuite> <!-- tests.AdminCitiesTests -->
