<?xml version="1.0" encoding="UTF-8"?>
<!-- Generated by org.testng.reporters.JUnitReportReporter -->
<testsuite hostname="MIRKOP-LT" failures="0" tests="4" name="tests.SignupTests" time="12.782" errors="0" timestamp="2022-10-11T18:53:44 CEST" skipped="0">
  <testcase classname="tests.SignupTests" name="visitTheSignupPage" time="2.622"/>
  <system-out/>
  <testcase classname="tests.SignupTests" name="checkInputTypes" time="2.234"/>
  <system-out/>
  <testcase classname="tests.SignupTests" name="displayErrorsWhenUserAlreadyExists" time="3.112"/>
  <system-out/>
  <testcase classname="tests.SignupTests" name="signup" time="4.814"/>
  <system-out/>
</testsuite> <!-- tests.SignupTests -->
