<?xml version="1.0" encoding="UTF-8"?>
<!-- Generated by org.testng.reporters.JUnitReportReporter -->
<testsuite hostname="MIRKOP-LT" failures="0" tests="6" name="tests.LoginTests" time="14.647" errors="0" timestamp="2022-10-10T23:52:16 CEST" skipped="0">
  <testcase classname="tests.LoginTests" name="visitTheLoginPage" time="3.794"/>
  <system-out/>
  <testcase classname="tests.LoginTests" name="checkInputTypes" time="1.287"/>
  <system-out/>
  <testcase classname="tests.LoginTests" name="displayErrorWhenUserDoesNotExists" time="3.160"/>
  <system-out/>
  <testcase classname="tests.LoginTests" name="displayErrorWhenPasswordIsWrong" time="2.822"/>
  <system-out/>
  <testcase classname="tests.LoginTests" name="login" time="2.491"/>
  <system-out/>
  <testcase classname="tests.LoginTests" name="logout" time="1.093"/>
  <system-out/>
</testsuite> <!-- tests.LoginTests -->
