<?xml version="1.0" encoding="UTF-8"?>
<!-- Generated by org.testng.reporters.JUnitReportReporter -->
<testsuite hostname="MIRKOP-LT" failures="0" tests="4" name="tests.AuthRoutesTests" time="9.267" errors="0" timestamp="2022-10-11T21:36:12 CEST" skipped="0">
  <testcase classname="tests.AuthRoutesTests" name="forbidVisitsToHomeUrlIfNotAuthenticated" time="3.577"/>
  <system-out/>
  <testcase classname="tests.AuthRoutesTests" name="forbidVisitsToProfileUrlIfNotAuthenticated" time="1.798"/>
  <system-out/>
  <testcase classname="tests.AuthRoutesTests" name="forbidVisitsToAdminCitiesUrlIfNotAuthenticated" time="1.900"/>
  <system-out/>
  <testcase classname="tests.AuthRoutesTests" name="forbidVisitsToAdminUsersUrlIfNotAuthenticated" time="1.992"/>
  <system-out/>
</testsuite> <!-- tests.AuthRoutesTests -->
