<?xml version="1.0" encoding="UTF-8"?>
<!-- Generated by org.testng.reporters.JUnitReportReporter -->
<testsuite hostname="MIRKOP-LT" failures="0" tests="6" name="tests.LoginTests" time="11.794" errors="0" timestamp="2022-10-11T18:13:08 CEST" skipped="0">
  <testcase classname="tests.LoginTests" name="visitTheLoginPage" time="3.454"/>
  <system-out/>
  <testcase classname="tests.LoginTests" name="checkInputTypes" time="0.892"/>
  <system-out/>
  <testcase classname="tests.LoginTests" name="displayErrorWhenUserDoesNotExists" time="2.736"/>
  <system-out/>
  <testcase classname="tests.LoginTests" name="displayErrorWhenPasswordIsWrong" time="2.100"/>
  <system-out/>
  <testcase classname="tests.LoginTests" name="login" time="1.809"/>
  <system-out/>
  <testcase classname="tests.LoginTests" name="logout" time="0.803"/>
  <system-out/>
</testsuite> <!-- tests.LoginTests -->
