<?xml version="1.0" encoding="UTF-8"?>
<!-- Generated by org.testng.reporters.JUnitReportReporter -->
<testsuite hostname="MIRKOP-LT" failures="0" tests="4" name="tests.LocaleTests" time="6.686" errors="0" timestamp="2022-10-11T22:00:31 CEST" skipped="0">
  <testcase classname="tests.LocaleTests" name="setLocaleToES" time="2.848"/>
  <system-out/>
  <testcase classname="tests.LocaleTests" name="setLocaleToEN" time="1.297"/>
  <system-out/>
  <testcase classname="tests.LocaleTests" name="setLocaleToCN" time="1.344"/>
  <system-out/>
  <testcase classname="tests.LocaleTests" name="setLocaleToFR" time="1.197"/>
  <system-out/>
</testsuite> <!-- tests.LocaleTests -->
